<?xml version="1.0" encoding="UTF-8"?>
<!-- Generated by org.testng.reporters.JUnitXMLReporter -->
<testsuite hostname="Nandhinenkatesh" ignored="0" name="LoginUserFlow" tests="2" failures="1" timestamp="21 Jun 2018 07:25:42 GMT" time="76.762" errors="0">
  <testcase name="loginToAppUsingValidCredentials" time="17.753" classname="com.docTalk.LoggedInUser.LoginUserTest">
    <failure type="org.openqa.selenium.TimeoutException" message="Expected condition failed: waiting for presence of element located by: By.xpath: com.getdoctalk.doctalk.app.patient.debug:id/search_button (tried for 15 second(s) with 500 MILLISECONDS interval)
Build info: version: &amp;apos;3.0.1&amp;apos;, revision: &amp;apos;1969d75&amp;apos;, time: &amp;apos;2016-10-18 09:49:13 -0700&amp;apos;
System info: host: &amp;apos;Nandhinenkatesh&amp;apos;, ip: &amp;apos;192.168.43.52&amp;apos;, os.name: &amp;apos;Mac OS X&amp;apos;, os.arch: &amp;apos;x86_64&amp;apos;, os.version: &amp;apos;10.13.3&amp;apos;, java.version: &amp;apos;1.8.0_111&amp;apos;
Driver info: org.openqa.selenium.remote.RemoteWebDriver
Capabilities [{appPackage=com.getdoctalk.doctalk.app.patient.debug, deviceScreenSize=1440x2560, networkConnectionEnabled=true, warnings={}, databaseEnabled=false, deviceName=emulator-5560, platform=LINUX, deviceUDID=emulator-5560, appActivity=com.getdoctalk.doctalk.app.patient.onboarding.intro.OnBoardingIntroActivity, desired={appPackage=com.getdoctalk.doctalk.app.patient.debug, appActivity=com.getdoctalk.doctalk.app.patient.onboarding.intro.OnBoardingIntroActivity, BROWSER_NAME=Android, VERSION=6.0, unicodeKeyboard=true, platformName=Android, deviceName=emulator-5556}, BROWSER_NAME=Android, platformVersion=5.1.1, webStorageEnabled=false, locationContextEnabled=false, VERSION=6.0, takesScreenshot=true, javascriptEnabled=true, deviceModel=Android SDK built for x86, unicodeKeyboard=true, platformName=Android, deviceManufacturer=unknown}]
Session ID: 513ff3a5-6d61-423d-bfd1-68beb0060ff3">
      <![CDATA[org.openqa.selenium.TimeoutException: Expected condition failed: waiting for presence of element located by: By.xpath: com.getdoctalk.doctalk.app.patient.debug:id/search_button (tried for 15 second(s) with 500 MILLISECONDS interval)
Build info: version: '3.0.1', revision: '1969d75', time: '2016-10-18 09:49:13 -0700'
System info: host: 'Nandhinenkatesh', ip: '192.168.43.52', os.name: 'Mac OS X', os.arch: 'x86_64', os.version: '10.13.3', java.version: '1.8.0_111'
Driver info: org.openqa.selenium.remote.RemoteWebDriver
Capabilities [{appPackage=com.getdoctalk.doctalk.app.patient.debug, deviceScreenSize=1440x2560, networkConnectionEnabled=true, warnings={}, databaseEnabled=false, deviceName=emulator-5560, platform=LINUX, deviceUDID=emulator-5560, appActivity=com.getdoctalk.doctalk.app.patient.onboarding.intro.OnBoardingIntroActivity, desired={appPackage=com.getdoctalk.doctalk.app.patient.debug, appActivity=com.getdoctalk.doctalk.app.patient.onboarding.intro.OnBoardingIntroActivity, BROWSER_NAME=Android, VERSION=6.0, unicodeKeyboard=true, platformName=Android, deviceName=emulator-5556}, BROWSER_NAME=Android, platformVersion=5.1.1, webStorageEnabled=false, locationContextEnabled=false, VERSION=6.0, takesScreenshot=true, javascriptEnabled=true, deviceModel=Android SDK built for x86, unicodeKeyboard=true, platformName=Android, deviceManufacturer=unknown}]
Session ID: 513ff3a5-6d61-423d-bfd1-68beb0060ff3
	at org.openqa.selenium.support.ui.WebDriverWait.timeoutException(WebDriverWait.java:80)
	at org.openqa.selenium.support.ui.FluentWait.until(FluentWait.java:265)
	at com.docTalk.LoggedInUser.LoginUserUtil.signOutFromApp(LoginUserUtil.java:52)
	at com.docTalk.LoggedInUser.LoginUserTest.loginToAppUsingValidCredentials(LoginUserTest.java:21)
	at java.util.concurrent.FutureTask.run(FutureTask.java:266)
	at java.util.concurrent.ThreadPoolExecutor.runWorker(ThreadPoolExecutor.java:1142)
	at java.util.concurrent.ThreadPoolExecutor$Worker.run(ThreadPoolExecutor.java:617)
	at java.lang.Thread.run(Thread.java:745)
Caused by: org.openqa.selenium.NoSuchElementException: An element could not be located on the page using the given search parameters. (WARNING: The server did not provide any stacktrace information)
Command duration or timeout: 47 milliseconds
For documentation on this error, please visit: http://seleniumhq.org/exceptions/no_such_element.html
Build info: version: '3.0.1', revision: '1969d75', time: '2016-10-18 09:49:13 -0700'
System info: host: 'Nandhinenkatesh', ip: '192.168.43.52', os.name: 'Mac OS X', os.arch: 'x86_64', os.version: '10.13.3', java.version: '1.8.0_111'
Driver info: org.openqa.selenium.remote.RemoteWebDriver
Capabilities [{appPackage=com.getdoctalk.doctalk.app.patient.debug, deviceScreenSize=1440x2560, networkConnectionEnabled=true, warnings={}, databaseEnabled=false, deviceName=emulator-5560, platform=LINUX, deviceUDID=emulator-5560, appActivity=com.getdoctalk.doctalk.app.patient.onboarding.intro.OnBoardingIntroActivity, desired={appPackage=com.getdoctalk.doctalk.app.patient.debug, appActivity=com.getdoctalk.doctalk.app.patient.onboarding.intro.OnBoardingIntroActivity, BROWSER_NAME=Android, VERSION=6.0, unicodeKeyboard=true, platformName=Android, deviceName=emulator-5556}, BROWSER_NAME=Android, platformVersion=5.1.1, webStorageEnabled=false, locationContextEnabled=false, VERSION=6.0, takesScreenshot=true, javascriptEnabled=true, deviceModel=Android SDK built for x86, unicodeKeyboard=true, platformName=Android, deviceManufacturer=unknown}]
Session ID: 513ff3a5-6d61-423d-bfd1-68beb0060ff3
*** Element info: {Using=xpath, value=com.getdoctalk.doctalk.app.patient.debug:id/search_button}
	at org.openqa.selenium.remote.ErrorHandler.createThrowable(ErrorHandler.java:216)
	at org.openqa.selenium.remote.ErrorHandler.throwIfResponseFailed(ErrorHandler.java:168)
	at org.openqa.selenium.remote.RemoteWebDriver.execute(RemoteWebDriver.java:635)
	at org.openqa.selenium.remote.RemoteWebDriver.findElement(RemoteWebDriver.java:368)
	at org.openqa.selenium.remote.RemoteWebDriver.findElementByXPath(RemoteWebDriver.java:473)
	at org.openqa.selenium.By$ByXPath.findElement(By.java:361)
	at org.openqa.selenium.remote.RemoteWebDriver.findElement(RemoteWebDriver.java:360)
	at org.openqa.selenium.support.ui.ExpectedConditions.findElement(ExpectedConditions.java:895)
	at org.openqa.selenium.support.ui.ExpectedConditions.access$000(ExpectedConditions.java:41)
	at org.openqa.selenium.support.ui.ExpectedConditions$6.apply(ExpectedConditions.java:181)
	at org.openqa.selenium.support.ui.ExpectedConditions$6.apply(ExpectedConditions.java:178)
	at org.openqa.selenium.support.ui.FluentWait.until(FluentWait.java:238)
	... 22 more
... Removed 19 stack frames]]>
    </failure>
  </testcase> <!-- loginToAppUsingValidCredentials -->
  <testcase name="printSubscriptionDetailsOfPatient" time="3.195" classname="com.docTalk.LoggedInUser.LoginUserTest"/>
</testsuite> <!-- LoginUserFlow -->
