<html>
<head>
<title>TestNG:  LoginUserFlow</title>
<link href="../testng.css" rel="stylesheet" type="text/css" />
<link href="../my-testng.css" rel="stylesheet" type="text/css" />

<style type="text/css">
.log { display: none;} 
.stack-trace { display: none;} 
</style>
<script type="text/javascript">
<!--
function flip(e) {
  current = e.style.display;
  if (current == 'block') {
    e.style.display = 'none';
    return 0;
  }
  else {
    e.style.display = 'block';
    return 1;
  }
}

function toggleBox(szDivId, elem, msg1, msg2)
{
  var res = -1;  if (document.getElementById) {
    res = flip(document.getElementById(szDivId));
  }
  else if (document.all) {
    // this is the way old msie versions work
    res = flip(document.all[szDivId]);
  }
  if(elem) {
    if(res == 0) elem.innerHTML = msg1; else elem.innerHTML = msg2;
  }

}

function toggleAllBoxes() {
  if (document.getElementsByTagName) {
    d = document.getElementsByTagName('div');
    for (i = 0; i < d.length; i++) {
      if (d[i].className == 'log') {
        flip(d[i]);
      }
    }
  }
}

// -->
</script>

</head>
<body>
<h2 align='center'>LoginUserFlow</h2><table border='1' align="center">
<tr>
<td>Tests passed/Failed/Skipped:</td><td>1/1/0</td>
</tr><tr>
<td>Started on:</td><td>Thu Jun 21 12:54:25 IST 2018</td>
</tr>
<tr><td>Total time:</td><td>76 seconds (76762 ms)</td>
</tr><tr>
<td>Included groups:</td><td></td>
</tr><tr>
<td>Excluded groups:</td><td></td>
</tr>
</table><p/>
<small><i>(Hover the method name to see the test class name)</i></small><p/>
<table width='100%' border='1' class='invocation-failed'>
<tr><td colspan='4' align='center'><b>FAILED TESTS</b></td></tr>
<tr><td><b>Test method</b></td>
<td width="30%"><b>Exception</b></td>
<td width="10%"><b>Time (seconds)</b></td>
<td><b>Instance</b></td>
</tr>
<tr>
<td title='com.docTalk.LoggedInUser.LoginUserTest.loginToAppUsingValidCredentials()'><b>loginToAppUsingValidCredentials</b><br>Test class: com.docTalk.LoggedInUser.LoginUserTest</td>
<td><div><pre>org.openqa.selenium.TimeoutException: Expected condition failed: waiting for presence of element located by: By.xpath: com.getdoctalk.doctalk.app.patient.debug:id/search_button (tried for 15 second(s) with 500 MILLISECONDS interval)
Build info: version: &apos;3.0.1&apos;, revision: &apos;1969d75&apos;, time: &apos;2016-10-18 09:49:13 -0700&apos;
System info: host: &apos;Nandhinenkatesh&apos;, ip: &apos;192.168.43.52&apos;, os.name: &apos;Mac OS X&apos;, os.arch: &apos;x86_64&apos;, os.version: &apos;10.13.3&apos;, java.version: &apos;1.8.0_111&apos;
Driver info: org.openqa.selenium.remote.RemoteWebDriver
Capabilities [{appPackage=com.getdoctalk.doctalk.app.patient.debug, deviceScreenSize=1440x2560, networkConnectionEnabled=true, warnings={}, databaseEnabled=false, deviceName=emulator-5560, platform=LINUX, deviceUDID=emulator-5560, appActivity=com.getdoctalk.doctalk.app.patient.onboarding.intro.OnBoardingIntroActivity, desired={appPackage=com.getdoctalk.doctalk.app.patient.debug, appActivity=com.getdoctalk.doctalk.app.patient.onboarding.intro.OnBoardingIntroActivity, BROWSER_NAME=Android, VERSION=6.0, unicodeKeyboard=true, platformName=Android, deviceName=emulator-5556}, BROWSER_NAME=Android, platformVersion=5.1.1, webStorageEnabled=false, locationContextEnabled=false, VERSION=6.0, takesScreenshot=true, javascriptEnabled=true, deviceModel=Android SDK built for x86, unicodeKeyboard=true, platformName=Android, deviceManufacturer=unknown}]
Session ID: 513ff3a5-6d61-423d-bfd1-68beb0060ff3
	at org.openqa.selenium.support.ui.WebDriverWait.timeoutException(WebDriverWait.java:80)
	at org.openqa.selenium.support.ui.FluentWait.until(FluentWait.java:265)
	at com.docTalk.LoggedInUser.LoginUserUtil.signOutFromApp(LoginUserUtil.java:52)
	at com.docTalk.LoggedInUser.LoginUserTest.loginToAppUsingValidCredentials(LoginUserTest.java:21)
	at java.util.concurrent.FutureTask.run(FutureTask.java:266)
	at java.util.concurrent.ThreadPoolExecutor.runWorker(ThreadPoolExecutor.java:1142)
	at java.util.concurrent.ThreadPoolExecutor$Worker.run(ThreadPoolExecutor.java:617)
	at java.lang.Thread.run(Thread.java:745)
Caused by: org.openqa.selenium.NoSuchElementException: An element could not be located on the page using the given search parameters. (WARNING: The server did not provide any stacktrace information)
Command duration or timeout: 47 milliseconds
For documentation on this error, please visit: http://seleniumhq.org/exceptions/no_such_element.html
Build info: version: &apos;3.0.1&apos;, revision: &apos;1969d75&apos;, time: &apos;2016-10-18 09:49:13 -0700&apos;
System info: host: &apos;Nandhinenkatesh&apos;, ip: &apos;192.168.43.52&apos;, os.name: &apos;Mac OS X&apos;, os.arch: &apos;x86_64&apos;, os.version: &apos;10.13.3&apos;, java.version: &apos;1.8.0_111&apos;
Driver info: org.openqa.selenium.remote.RemoteWebDriver
Capabilities [{appPackage=com.getdoctalk.doctalk.app.patient.debug, deviceScreenSize=1440x2560, networkConnectionEnabled=true, warnings={}, databaseEnabled=false, deviceName=emulator-5560, platform=LINUX, deviceUDID=emulator-5560, appActivity=com.getdoctalk.doctalk.app.patient.onboarding.intro.OnBoardingIntroActivity, desired={appPackage=com.getdoctalk.doctalk.app.patient.debug, appActivity=com.getdoctalk.doctalk.app.patient.onboarding.intro.OnBoardingIntroActivity, BROWSER_NAME=Android, VERSION=6.0, unicodeKeyboard=true, platformName=Android, deviceName=emulator-5556}, BROWSER_NAME=Android, platformVersion=5.1.1, webStorageEnabled=false, locationContextEnabled=false, VERSION=6.0, takesScreenshot=true, javascriptEnabled=true, deviceModel=Android SDK built for x86, unicodeKeyboard=true, platformName=Android, deviceManufacturer=unknown}]
Session ID: 513ff3a5-6d61-423d-bfd1-68beb0060ff3
*** Element info: {Using=xpath, value=com.getdoctalk.doctalk.app.patient.debug:id/search_button}
	at org.openqa.selenium.remote.ErrorHandler.createThrowable(ErrorHandler.java:216)
	at org.openqa.selenium.remote.ErrorHandler.throwIfResponseFailed(ErrorHandler.java:168)
	at org.openqa.selenium.remote.RemoteWebDriver.execute(RemoteWebDriver.java:635)
	at org.openqa.selenium.remote.RemoteWebDriver.findElement(RemoteWebDriver.java:368)
	at org.openqa.selenium.remote.RemoteWebDriver.findElementByXPath(RemoteWebDriver.java:473)
	at org.openqa.selenium.By$ByXPath.findElement(By.java:361)
	at org.openqa.selenium.remote.RemoteWebDriver.findElement(RemoteWebDriver.java:360)
	at org.openqa.selenium.support.ui.ExpectedConditions.findElement(ExpectedConditions.java:895)
	at org.openqa.selenium.support.ui.ExpectedConditions.access$000(ExpectedConditions.java:41)
	at org.openqa.selenium.support.ui.ExpectedConditions$6.apply(ExpectedConditions.java:181)
	at org.openqa.selenium.support.ui.ExpectedConditions$6.apply(ExpectedConditions.java:178)
	at org.openqa.selenium.support.ui.FluentWait.until(FluentWait.java:238)
	... 22 more
... Removed 19 stack frames</pre></div><a href='#' onClick='toggleBox("stack-trace115356743", this, "Click to show all stack frames", "Click to hide stack frames")'>Click to show all stack frames</a>
<div class='stack-trace' id='stack-trace115356743'><pre>org.openqa.selenium.TimeoutException: Expected condition failed: waiting for presence of element located by: By.xpath: com.getdoctalk.doctalk.app.patient.debug:id/search_button (tried for 15 second(s) with 500 MILLISECONDS interval)
Build info: version: &apos;3.0.1&apos;, revision: &apos;1969d75&apos;, time: &apos;2016-10-18 09:49:13 -0700&apos;
System info: host: &apos;Nandhinenkatesh&apos;, ip: &apos;192.168.43.52&apos;, os.name: &apos;Mac OS X&apos;, os.arch: &apos;x86_64&apos;, os.version: &apos;10.13.3&apos;, java.version: &apos;1.8.0_111&apos;
Driver info: org.openqa.selenium.remote.RemoteWebDriver
Capabilities [{appPackage=com.getdoctalk.doctalk.app.patient.debug, deviceScreenSize=1440x2560, networkConnectionEnabled=true, warnings={}, databaseEnabled=false, deviceName=emulator-5560, platform=LINUX, deviceUDID=emulator-5560, appActivity=com.getdoctalk.doctalk.app.patient.onboarding.intro.OnBoardingIntroActivity, desired={appPackage=com.getdoctalk.doctalk.app.patient.debug, appActivity=com.getdoctalk.doctalk.app.patient.onboarding.intro.OnBoardingIntroActivity, BROWSER_NAME=Android, VERSION=6.0, unicodeKeyboard=true, platformName=Android, deviceName=emulator-5556}, BROWSER_NAME=Android, platformVersion=5.1.1, webStorageEnabled=false, locationContextEnabled=false, VERSION=6.0, takesScreenshot=true, javascriptEnabled=true, deviceModel=Android SDK built for x86, unicodeKeyboard=true, platformName=Android, deviceManufacturer=unknown}]
Session ID: 513ff3a5-6d61-423d-bfd1-68beb0060ff3
	at org.openqa.selenium.support.ui.WebDriverWait.timeoutException(WebDriverWait.java:80)
	at org.openqa.selenium.support.ui.FluentWait.until(FluentWait.java:265)
	at com.docTalk.LoggedInUser.LoginUserUtil.signOutFromApp(LoginUserUtil.java:52)
	at com.docTalk.LoggedInUser.LoginUserTest.loginToAppUsingValidCredentials(LoginUserTest.java:21)
	at sun.reflect.NativeMethodAccessorImpl.invoke0(Native Method)
	at sun.reflect.NativeMethodAccessorImpl.invoke(NativeMethodAccessorImpl.java:62)
	at sun.reflect.DelegatingMethodAccessorImpl.invoke(DelegatingMethodAccessorImpl.java:43)
	at java.lang.reflect.Method.invoke(Method.java:498)
	at org.testng.internal.MethodInvocationHelper.invokeMethod(MethodInvocationHelper.java:104)
	at org.testng.internal.Invoker.invokeMethod(Invoker.java:645)
	at org.testng.internal.Invoker.invokeTestMethod(Invoker.java:851)
	at org.testng.internal.Invoker.invokeTestMethods(Invoker.java:1177)
	at org.testng.internal.TestMethodWorker.invokeTestMethods(TestMethodWorker.java:129)
	at org.testng.internal.TestMethodWorker.run(TestMethodWorker.java:112)
	at org.testng.TestRunner.privateRun(TestRunner.java:756)
	at org.testng.TestRunner.run(TestRunner.java:610)
	at org.testng.SuiteRunner.runTest(SuiteRunner.java:387)
	at org.testng.SuiteRunner.access$000(SuiteRunner.java:39)
	at org.testng.SuiteRunner$SuiteWorker.run(SuiteRunner.java:421)
	at org.testng.internal.thread.ThreadUtil$2.call(ThreadUtil.java:64)
	at java.util.concurrent.FutureTask.run(FutureTask.java:266)
	at java.util.concurrent.ThreadPoolExecutor.runWorker(ThreadPoolExecutor.java:1142)
	at java.util.concurrent.ThreadPoolExecutor$Worker.run(ThreadPoolExecutor.java:617)
	at java.lang.Thread.run(Thread.java:745)
Caused by: org.openqa.selenium.NoSuchElementException: An element could not be located on the page using the given search parameters. (WARNING: The server did not provide any stacktrace information)
Command duration or timeout: 47 milliseconds
For documentation on this error, please visit: http://seleniumhq.org/exceptions/no_such_element.html
Build info: version: &apos;3.0.1&apos;, revision: &apos;1969d75&apos;, time: &apos;2016-10-18 09:49:13 -0700&apos;
System info: host: &apos;Nandhinenkatesh&apos;, ip: &apos;192.168.43.52&apos;, os.name: &apos;Mac OS X&apos;, os.arch: &apos;x86_64&apos;, os.version: &apos;10.13.3&apos;, java.version: &apos;1.8.0_111&apos;
Driver info: org.openqa.selenium.remote.RemoteWebDriver
Capabilities [{appPackage=com.getdoctalk.doctalk.app.patient.debug, deviceScreenSize=1440x2560, networkConnectionEnabled=true, warnings={}, databaseEnabled=false, deviceName=emulator-5560, platform=LINUX, deviceUDID=emulator-5560, appActivity=com.getdoctalk.doctalk.app.patient.onboarding.intro.OnBoardingIntroActivity, desired={appPackage=com.getdoctalk.doctalk.app.patient.debug, appActivity=com.getdoctalk.doctalk.app.patient.onboarding.intro.OnBoardingIntroActivity, BROWSER_NAME=Android, VERSION=6.0, unicodeKeyboard=true, platformName=Android, deviceName=emulator-5556}, BROWSER_NAME=Android, platformVersion=5.1.1, webStorageEnabled=false, locationContextEnabled=false, VERSION=6.0, takesScreenshot=true, javascriptEnabled=true, deviceModel=Android SDK built for x86, unicodeKeyboard=true, platformName=Android, deviceManufacturer=unknown}]
Session ID: 513ff3a5-6d61-423d-bfd1-68beb0060ff3
*** Element info: {Using=xpath, value=com.getdoctalk.doctalk.app.patient.debug:id/search_button}
	at sun.reflect.GeneratedConstructorAccessor10.newInstance(Unknown Source)
	at sun.reflect.DelegatingConstructorAccessorImpl.newInstance(DelegatingConstructorAccessorImpl.java:45)
	at java.lang.reflect.Constructor.newInstance(Constructor.java:423)
	at org.openqa.selenium.remote.ErrorHandler.createThrowable(ErrorHandler.java:216)
	at org.openqa.selenium.remote.ErrorHandler.throwIfResponseFailed(ErrorHandler.java:168)
	at org.openqa.selenium.remote.RemoteWebDriver.execute(RemoteWebDriver.java:635)
	at org.openqa.selenium.remote.RemoteWebDriver.findElement(RemoteWebDriver.java:368)
	at org.openqa.selenium.remote.RemoteWebDriver.findElementByXPath(RemoteWebDriver.java:473)
	at org.openqa.selenium.By$ByXPath.findElement(By.java:361)
	at org.openqa.selenium.remote.RemoteWebDriver.findElement(RemoteWebDriver.java:360)
	at org.openqa.selenium.support.ui.ExpectedConditions.findElement(ExpectedConditions.java:895)
	at org.openqa.selenium.support.ui.ExpectedConditions.access$000(ExpectedConditions.java:41)
	at org.openqa.selenium.support.ui.ExpectedConditions$6.apply(ExpectedConditions.java:181)
	at org.openqa.selenium.support.ui.ExpectedConditions$6.apply(ExpectedConditions.java:178)
	at org.openqa.selenium.support.ui.FluentWait.until(FluentWait.java:238)
	... 22 more
</pre></div></td>
<td>17</td>
<td>com.docTalk.LoggedInUser.LoginUserTest@e25b2fe</td></tr>
</table><p>
<table width='100%' border='1' class='invocation-passed'>
<tr><td colspan='4' align='center'><b>PASSED TESTS</b></td></tr>
<tr><td><b>Test method</b></td>
<td width="30%"><b>Exception</b></td>
<td width="10%"><b>Time (seconds)</b></td>
<td><b>Instance</b></td>
</tr>
<tr>
<td title='com.docTalk.LoggedInUser.LoginUserTest.printSubscriptionDetailsOfPatient()'><b>printSubscriptionDetailsOfPatient</b><br>Test class: com.docTalk.LoggedInUser.LoginUserTest</td>
<td></td>
<td>3</td>
<td>com.docTalk.LoggedInUser.LoginUserTest@e25b2fe</td></tr>
</table><p>
</body>
</html>